<?xml version="1.0" encoding="UTF-8"?>
<!-- Generated by org.testng.reporters.JUnitXMLReporter -->
<testsuite ignored="0" hostname="G1-HVMK0F3-L" failures="0" tests="7" name="Free CRM" time="113.445" errors="0" timestamp="2021-08-16T20:55:42 IST">
  <testcase classname="com.crm.qa.testcases.LoginPageTest" name="loginPageTitleTest" time="0.013"/>
  <testcase classname="com.crm.qa.testcases.LoginPageTest" name="validateCrmImageTest" time="0.352"/>
  <testcase classname="com.crm.qa.testcases.LoginPageTest" name="loginTest" time="10.764"/>
  <testcase classname="com.crm.qa.testcases.HomePageTests" name="validateLoginUser" time="0.056"/>
  <testcase classname="com.crm.qa.testcases.HomePageTests" name="validateContactsLinkTest" time="1.534"/>
  <testcase classname="com.crm.qa.testcases.ContactsPageTest" name="validateContactsLabelTest" time="0.033"/>
  <testcase classname="com.crm.qa.testcases.ContactsPageTest" name="selectSingleContactByNameTest" time="0.068"/>
</testsuite> <!-- Free CRM -->
